<?xml version="1.0" encoding="UTF-8"?>
<!-- Generated by org.testng.reporters.JUnitReportReporter -->
<testsuite hostname="DESKTOP-JE8BUFR" failures="0" tests="1" name="util.BrowserFactory" time="3.910" errors="0" timestamp="2023-07-21T10:36:07 GMT-05:00" skipped="0">
  <testcase classname="util.BrowserFactory" name="init" time="3.910"/>
</testsuite> <!-- util.BrowserFactory -->
