<?xml version="1.0" encoding="UTF-8"?>
<!-- Generated by org.testng.reporters.JUnitReportReporter -->
<testsuite hostname="DESKTOP-JE8BUFR" failures="0" tests="1" name="test.AddCustomerTest" time="17.611" errors="0" timestamp="2023-07-28T19:30:43 GMT-05:00" skipped="0">
  <testcase classname="test.AddCustomerTest" name="userShouldBeAbleToAddCustomer" time="17.611"/>
</testsuite> <!-- test.AddCustomerTest -->
