<?xml version="1.0" encoding="UTF-8"?>
<!-- Generated by org.testng.reporters.JUnitReportReporter -->
<testsuite hostname="DESKTOP-JE8BUFR" failures="0" tests="1" name="test.LoginTest" time="5.572" errors="0" timestamp="2023-07-21T18:09:54 GMT-05:00" skipped="0">
  <testcase classname="test.LoginTest" name="UserShouldBeAbleToLogin" time="5.572"/>
</testsuite> <!-- test.LoginTest -->
